Library/Bee/Android/Prj/Mono2x/Gradle/launcher/build/intermediates/manifest_merge_blame_file/release/manifest-merger-blame-release-report.txt
1<?xml version="1.0" encoding="utf-8"?>
2<manifest xmlns:android="http://schemas.android.com/apk/res/android"
3    package="com.DefaultCompany.com.unity.template.mobile2D"
4    android:installLocation="preferExternal"
5    android:versionCode="1"
6    android:versionName="1.0.2" >
7
8    <uses-sdk
9        android:minSdkVersion="26"
9-->src\main\AndroidManifest.xml
10        android:targetSdkVersion="30" />
10-->src\main\AndroidManifest.xml
11
12    <supports-screens
12-->src\main\AndroidManifest.xml:3:3-163
13        android:anyDensity="true"
13-->src\main\AndroidManifest.xml:3:135-160
14        android:largeScreens="true"
14-->src\main\AndroidManifest.xml:3:78-105
15        android:normalScreens="true"
15-->src\main\AndroidManifest.xml:3:49-77
16        android:smallScreens="true"
16-->src\main\AndroidManifest.xml:3:21-48
17        android:xlargeScreens="true" />
17-->src\main\AndroidManifest.xml:3:106-134
18
19    <uses-feature android:glEsVersion="0x00030001" />
19-->[:unityLibrary] AndroidManifest.xml:12:5-54
19-->[:unityLibrary] AndroidManifest.xml:12:19-51
20    <uses-feature
20-->[:unityLibrary] AndroidManifest.xml:13:5-15:36
21        android:name="android.hardware.vulkan.version"
21-->[:unityLibrary] AndroidManifest.xml:14:9-55
22        android:required="false" />
22-->[:unityLibrary] AndroidManifest.xml:15:9-33
23
24    <uses-permission android:name="android.permission.INTERNET" />
24-->[:unityLibrary] AndroidManifest.xml:17:5-67
24-->[:unityLibrary] AndroidManifest.xml:17:22-64
25    <uses-permission android:name="android.permission.ACCESS_NETWORK_STATE" />
25-->[:unityLibrary] AndroidManifest.xml:18:5-79
25-->[:unityLibrary] AndroidManifest.xml:18:22-76
26    <uses-permission android:name="android.permission.CAMERA" />
26-->[:unityLibrary] AndroidManifest.xml:19:5-65
26-->[:unityLibrary] AndroidManifest.xml:19:22-62
27
28    <uses-feature
28-->[:unityLibrary] AndroidManifest.xml:21:5-23:36
29        android:name="android.hardware.camera"
29-->[:unityLibrary] AndroidManifest.xml:22:9-47
30        android:required="true" />
30-->[:unityLibrary] AndroidManifest.xml:23:9-33
31    <uses-feature
31-->[:unityLibrary] AndroidManifest.xml:24:5-26:36
32        android:name="android.hardware.camera.autofocus"
32-->[:unityLibrary] AndroidManifest.xml:25:9-57
33        android:required="false" />
33-->[:unityLibrary] AndroidManifest.xml:26:9-33
34    <uses-feature
34-->[:unityLibrary] AndroidManifest.xml:27:5-29:36
35        android:name="android.hardware.camera.front"
35-->[:unityLibrary] AndroidManifest.xml:28:9-53
36        android:required="false" />
36-->[:unityLibrary] AndroidManifest.xml:29:9-33
37    <uses-feature
37-->[:unityLibrary] AndroidManifest.xml:30:5-32:36
38        android:name="android.hardware.touchscreen"
38-->[:unityLibrary] AndroidManifest.xml:31:9-52
39        android:required="false" />
39-->[:unityLibrary] AndroidManifest.xml:32:9-33
40    <uses-feature
40-->[:unityLibrary] AndroidManifest.xml:33:5-35:36
41        android:name="android.hardware.touchscreen.multitouch"
41-->[:unityLibrary] AndroidManifest.xml:34:9-63
42        android:required="false" />
42-->[:unityLibrary] AndroidManifest.xml:35:9-33
43    <uses-feature
43-->[:unityLibrary] AndroidManifest.xml:36:5-38:36
44        android:name="android.hardware.touchscreen.multitouch.distinct"
44-->[:unityLibrary] AndroidManifest.xml:37:9-72
45        android:required="false" />
45-->[:unityLibrary] AndroidManifest.xml:38:9-33
46
47    <application
47-->src\main\AndroidManifest.xml:4:3-83
48        android:extractNativeLibs="true"
48-->[:unityLibrary] AndroidManifest.xml:40:18-50
49        android:icon="@mipmap/app_icon"
49-->src\main\AndroidManifest.xml:4:49-80
50        android:label="@string/app_name" >
50-->src\main\AndroidManifest.xml:4:16-48
51        <activity
51-->[:unityLibrary] AndroidManifest.xml:41:9-61:20
52            android:name="com.unity3d.player.UnityPlayerActivity"
52-->[:unityLibrary] AndroidManifest.xml:42:13-66
53            android:configChanges="mcc|mnc|locale|touchscreen|keyboard|keyboardHidden|navigation|orientation|screenLayout|uiMode|screenSize|smallestScreenSize|fontScale|layoutDirection|density"
53-->[:unityLibrary] AndroidManifest.xml:43:13-194
54            android:hardwareAccelerated="false"
54-->[:unityLibrary] AndroidManifest.xml:44:13-48
55            android:launchMode="singleTask"
55-->[:unityLibrary] AndroidManifest.xml:45:13-44
56            android:resizeableActivity="false"
56-->[:unityLibrary] AndroidManifest.xml:46:13-47
57            android:screenOrientation="fullSensor"
57-->[:unityLibrary] AndroidManifest.xml:47:13-51
58            android:theme="@style/UnityThemeSelector" >
58-->[:unityLibrary] AndroidManifest.xml:48:13-54
59            <intent-filter>
59-->[:unityLibrary] AndroidManifest.xml:49:13-53:29
60                <action android:name="android.intent.action.MAIN" />
60-->[:unityLibrary] AndroidManifest.xml:50:17-69
60-->[:unityLibrary] AndroidManifest.xml:50:25-66
61
62                <category android:name="android.intent.category.LAUNCHER" />
62-->[:unityLibrary] AndroidManifest.xml:52:17-77
62-->[:unityLibrary] AndroidManifest.xml:52:27-74
63            </intent-filter>
64
65            <meta-data
65-->[:unityLibrary] AndroidManifest.xml:55:13-57:40
66                android:name="unityplayer.UnityActivity"
66-->[:unityLibrary] AndroidManifest.xml:56:17-57
67                android:value="true" />
67-->[:unityLibrary] AndroidManifest.xml:57:17-37
68            <meta-data
68-->[:unityLibrary] AndroidManifest.xml:58:13-60:40
69                android:name="android.notch_support"
69-->[:unityLibrary] AndroidManifest.xml:59:17-53
70                android:value="true" />
70-->[:unityLibrary] AndroidManifest.xml:60:17-37
71        </activity>
72
73        <meta-data
73-->[:unityLibrary] AndroidManifest.xml:63:9-65:33
74            android:name="unity.splash-mode"
74-->[:unityLibrary] AndroidManifest.xml:64:13-45
75            android:value="0" />
75-->[:unityLibrary] AndroidManifest.xml:65:13-30
76        <meta-data
76-->[:unityLibrary] AndroidManifest.xml:66:9-68:36
77            android:name="unity.splash-enable"
77-->[:unityLibrary] AndroidManifest.xml:67:13-47
78            android:value="True" />
78-->[:unityLibrary] AndroidManifest.xml:68:13-33
79        <meta-data
79-->[:unityLibrary] AndroidManifest.xml:69:9-71:36
80            android:name="unity.launch-fullscreen"
80-->[:unityLibrary] AndroidManifest.xml:70:13-51
81            android:value="True" />
81-->[:unityLibrary] AndroidManifest.xml:71:13-33
82        <meta-data
82-->[:unityLibrary] AndroidManifest.xml:72:9-74:37
83            android:name="unity.allow-resizable-window"
83-->[:unityLibrary] AndroidManifest.xml:73:13-56
84            android:value="False" />
84-->[:unityLibrary] AndroidManifest.xml:74:13-34
85        <meta-data
85-->[:unityLibrary] AndroidManifest.xml:75:9-77:50
86            android:name="notch.config"
86-->[:unityLibrary] AndroidManifest.xml:76:13-40
87            android:value="portrait|landscape" />
87-->[:unityLibrary] AndroidManifest.xml:77:13-47
88
89        <receiver
89-->[:unityLibrary] AndroidManifest.xml:79:9-81:40
90            android:name="com.unity.androidnotifications.UnityNotificationManager"
90-->[:unityLibrary] AndroidManifest.xml:80:13-83
91            android:exported="false" />
91-->[:unityLibrary] AndroidManifest.xml:81:13-37
92        <receiver
92-->[:unityLibrary] AndroidManifest.xml:82:9-89:20
93            android:name="com.unity.androidnotifications.UnityNotificationRestartOnBootReceiver"
93-->[:unityLibrary] AndroidManifest.xml:83:13-97
94            android:enabled="false"
94-->[:unityLibrary] AndroidManifest.xml:84:13-36
95            android:exported="false" >
95-->[:unityLibrary] AndroidManifest.xml:85:13-37
96            <intent-filter>
96-->[:unityLibrary] AndroidManifest.xml:86:13-88:29
97                <action android:name="android.intent.action.BOOT_COMPLETED" />
97-->[:unityLibrary] AndroidManifest.xml:87:17-79
97-->[:unityLibrary] AndroidManifest.xml:87:25-76
98            </intent-filter>
99        </receiver>
100
101        <provider
101-->[:VuforiaEngine:] AndroidManifest.xml:14:9-22:20
102            android:name="com.vuforia.engine.app.VuforiaContentProvider"
102-->[:VuforiaEngine:] AndroidManifest.xml:15:13-73
103            android:authorities="com.DefaultCompany.com.unity.template.mobile2D.vuforia.share"
103-->[:VuforiaEngine:] AndroidManifest.xml:16:13-65
104            android:exported="false"
104-->[:VuforiaEngine:] AndroidManifest.xml:17:13-37
105            android:grantUriPermissions="true" >
105-->[:VuforiaEngine:] AndroidManifest.xml:18:13-47
106            <meta-data
106-->[:VuforiaEngine:] AndroidManifest.xml:19:13-21:53
107                android:name="android.support.FILE_PROVIDER_PATHS"
107-->[:VuforiaEngine:] AndroidManifest.xml:20:17-67
108                android:resource="@xml/filepaths" />
108-->[:VuforiaEngine:] AndroidManifest.xml:21:17-50
109        </provider>
110    </application>
111
112</manifest>